#
# There is insufficient memory for the Java Runtime Environment to continue.
# Native memory allocation (mmap) failed to map 53477376 bytes for committing reserved memory.
# Possible reasons:
#   The system is out of physical RAM or swap space
#   In 32 bit mode, the process size limit was hit
# Possible solutions:
#   Reduce memory load on the system
#   Increase physical memory or swap space
#   Check if swap backing store is full
#   Use 64 bit Java on a 64 bit OS
#   Decrease Java heap size (-Xmx/-Xms)
#   Decrease number of Java threads
#   Decrease Java thread stack sizes (-Xss)
#   Set larger code cache with -XX:ReservedCodeCacheSize=
# This output file may be truncated or incomplete.
#
#  Out of Memory Error (os_linux.cpp:2627), pid=6784, tid=1722485568
#
# JRE version: Java(TM) SE Runtime Environment (8.0_60-b27) (build 1.8.0_60-b27)
# Java VM: Java HotSpot(TM) Server VM (25.60-b23 mixed mode linux-x86 )
# Failed to write core dump. Core dumps have been disabled. To enable core dumping, try "ulimit -c unlimited" before starting Java again
#

---------------  T H R E A D  ---------------

Current thread (0x63d10400):  VMThread [stack: 0x66a30000,0x66ab1000] [id=6790]

Stack: [0x66a30000,0x66ab1000],  sp=0x66aaf930,  free space=510k
Native frames: (J=compiled Java code, j=interpreted, Vv=VM code, C=native code)
V  [libjvm.so+0x8cd06f]  VMError::report_and_die()+0x16f
V  [libjvm.so+0x38bea5]  report_vm_out_of_memory(char const*, int, unsigned int, VMErrorType, char const*)+0x55
V  [libjvm.so+0x750e26]  os::Linux::commit_memory_impl(char*, unsigned int, bool)+0xe6
V  [libjvm.so+0x7512f8]  os::pd_commit_memory(char*, unsigned int, unsigned int, bool)+0x28
V  [libjvm.so+0x74b21c]  os::commit_memory(char*, unsigned int, unsigned int, bool)+0x2c
V  [libjvm.so+0x7b5818]  PSVirtualSpace::expand_by(unsigned int)+0x48
V  [libjvm.so+0x7b691a]  PSYoungGen::resize_generation(unsigned int, unsigned int)+0xda
V  [libjvm.so+0x7b5c49]  PSYoungGen::resize(unsigned int, unsigned int)+0x19
V  [libjvm.so+0x7b3575]  PSScavenge::invoke_no_policy()+0xd15
V  [libjvm.so+0x7b3d38]  PSScavenge::invoke()+0x28
V  [libjvm.so+0x77280a]  ParallelScavengeHeap::failed_mem_allocate(unsigned int)+0x5a
V  [libjvm.so+0x8ceb3a]  VM_ParallelGCFailedAllocation::doit()+0x7a
V  [libjvm.so+0x8d8147]  VM_Operation::evaluate()+0x47
V  [libjvm.so+0x8d6223]  VMThread::evaluate_operation(VM_Operation*)+0xb3
V  [libjvm.so+0x8d65c0]  VMThread::loop()+0x1b0
V  [libjvm.so+0x8d6a25]  VMThread::run()+0x85
V  [libjvm.so+0x753469]  java_start(Thread*)+0x119
C  [libpthread.so.0+0x61aa]  start_thread+0xda

VM_Operation (0x62449464): ParallelGCFailedAllocation, mode: safepoint, requested by thread 0x61cd5400


---------------  P R O C E S S  ---------------

Java Threads: ( => current thread )
  0x66b2d400 JavaThread "Stdin handler" [_thread_blocked, id=7942, stack(0x62359000,0x623aa000)]
  0x61cd5400 JavaThread "Daemon worker Thread 5" [_thread_blocked, id=7941, stack(0x623fb000,0x6244c000)]
  0x63126800 JavaThread "Cancel handler" [_thread_blocked, id=7940, stack(0x6244c000,0x6249d000)]
  0x61cbc400 JavaThread "Handler for socket connection from /127.0.0.1:44415 to /127.0.0.1:38163" [_thread_in_native, id=7939, stack(0x623aa000,0x623fb000)]
  0x097d0800 JavaThread "Daemon Thread 5" [_thread_blocked, id=7938, stack(0x6249d000,0x624ee000)]
  0x09e04400 JavaThread "File lock request listener" [_thread_in_native, id=6811, stack(0x61d8f000,0x61de0000)]
  0x62860000 JavaThread "Incoming local TCP Connector on port 44415" [_thread_in_native, id=6798, stack(0x624ee000,0x6253f000)]
  0x63d37800 JavaThread "Service Thread" daemon [_thread_blocked, id=6796, stack(0x6382b000,0x6387c000)]
  0x63d34800 JavaThread "C1 CompilerThread1" daemon [_thread_blocked, id=6795, stack(0x6387c000,0x638fd000)]
  0x63d32800 JavaThread "C2 CompilerThread0" daemon [_thread_blocked, id=6794, stack(0x638fd000,0x6397e000)]
  0x63d30c00 JavaThread "Signal Dispatcher" daemon [_thread_blocked, id=6793, stack(0x6397e000,0x639cf000)]
  0x63d15000 JavaThread "Finalizer" daemon [_thread_blocked, id=6792, stack(0x63e3a000,0x63e8b000)]
  0x63d13800 JavaThread "Reference Handler" daemon [_thread_blocked, id=6791, stack(0x63e8b000,0x63edc000)]
  0xb6507400 JavaThread "main" [_thread_blocked, id=6787, stack(0xb6651000,0xb66a2000)]

Other Threads:
=>0x63d10400 VMThread [stack: 0x66a30000,0x66ab1000] [id=6790]
  0x63d39400 WatcherThread [stack: 0x637aa000,0x6382b000] [id=6797]

VM state:at safepoint (normal execution)

VM Mutex/Monitor currently owned by a thread:  ([mutex/lock_event])
[0xb6504dd0] Threads_lock - owner thread: 0x63d10400
[0xb65051e0] Heap_lock - owner thread: 0x61cd5400

Heap:
 PSYoungGen      total 244224K, used 27407K [0x91ac0000, 0xa2880000, 0xa7000000)
  eden space 213248K, 0% used [0x91ac0000,0x91ac0000,0x9eb00000)
  from space 30976K, 88% used [0x9eb00000,0xa05c3f30,0xa0940000)
  to   space 29952K, 0% used [0xa0940000,0xa0940000,0xa2680000)
 ParOldGen       total 92416K, used 74963K [0x67000000, 0x6ca40000, 0x91ac0000)
  object space 92416K, 81% used [0x67000000,0x6b934c38,0x6ca40000)
 Metaspace       used 47825K, capacity 49813K, committed 49836K, reserved 50480K

Card table byte_map: [0x66dff000,0x67000000] byte_map_base: 0x66ac7000

Marking Bits: (ParMarkBitMap*) 0xb70ed380
 Begin Bits: [0x64900000, 0x65900000)
 End Bits:   [0x65900000, 0x66900000)

Polling page: 0xb7703000

CodeCache: size=245760Kb used=19479Kb max_used=19505Kb free=226280Kb
 bounds [0xa74ca000, 0xa87f2000, 0xb64ca000]
 total_blobs=7082 nmethods=6648 adapters=348
 compilation: enabled

Compilation events (10 events):
Event: 1594,549 Thread 0x63d34800 8240       3       com.google.common.collect.AbstractMapBasedMultimap$WrappedCollection::size (14 bytes)
Event: 1594,550 Thread 0x63d34800 nmethod 8240 0xa7ffe248 code [0xa7ffe380, 0xa7ffe598]
Event: 1594,575 Thread 0x63d34800 8241       3       sun.nio.cs.UTF_8$Decoder::decodeLoop (28 bytes)
Event: 1594,576 Thread 0x63d34800 nmethod 8241 0xa7d6d7c8 code [0xa7d6d920, 0xa7d6dcf8]
Event: 1594,591 Thread 0x63d34800 8242       3       com.android.sdklib.io.FileOp::newFileInputStream (9 bytes)
Event: 1594,591 Thread 0x63d34800 nmethod 8242 0xa80cbec8 code [0xa80cbfe0, 0xa80cc12c]
Event: 1594,597 Thread 0x63d34800 8243       3       com.google.common.collect.AbstractMapBasedMultimap::wrapCollection (73 bytes)
Event: 1594,598 Thread 0x63d34800 nmethod 8243 0xa7825c08 code [0xa7825e40, 0xa7826b1c]
Event: 1594,598 Thread 0x63d34800 8244       3       com.android.sdklib.io.FileOp::listFiles (15 bytes)
Event: 1594,599 Thread 0x63d34800 nmethod 8244 0xa7825888 code [0xa78259a0, 0xa7825b4c]

GC Heap History (10 events):
Event: 1098,897 GC heap after
Heap after GC invocations=19 (full 5):
 PSYoungGen      total 196096K, used 19499K [0x91ac0000, 0xa2ac0000, 0xa7000000)
  eden space 170496K, 0% used [0x91ac0000,0x91ac0000,0x9c140000)
  from space 25600K, 76% used [0x9dc00000,0x9ef0ac48,0x9f500000)
  to   space 27392K, 0% used [0x9c140000,0x9c140000,0x9dc00000)
 ParOldGen       total 92416K, used 60342K [0x67000000, 0x6ca40000, 0x91ac0000)
  object space 92416K, 65% used [0x67000000,0x6aaed9c8,0x6ca40000)
 Metaspace       used 38671K, capacity 40235K, committed 40236K, reserved 40240K
}
Event: 1098,897 GC heap before
{Heap before GC invocations=20 (full 6):
 PSYoungGen      total 196096K, used 19499K [0x91ac0000, 0xa2ac0000, 0xa7000000)
  eden space 170496K, 0% used [0x91ac0000,0x91ac0000,0x9c140000)
  from space 25600K, 76% used [0x9dc00000,0x9ef0ac48,0x9f500000)
  to   space 27392K, 0% used [0x9c140000,0x9c140000,0x9dc00000)
 ParOldGen       total 92416K, used 60342K [0x67000000, 0x6ca40000, 0x91ac0000)
  object space 92416K, 65% used [0x67000000,0x6aaed9c8,0x6ca40000)
 Metaspace       used 38671K, capacity 40235K, committed 40236K, reserved 40240K
Event: 1099,544 GC heap after
Heap after GC invocations=20 (full 6):
 PSYoungGen      total 196096K, used 0K [0x91ac0000, 0xa2ac0000, 0xa7000000)
  eden space 170496K, 0% used [0x91ac0000,0x91ac0000,0x9c140000)
  from space 25600K, 0% used [0x9dc00000,0x9dc00000,0x9f500000)
  to   space 27392K, 0% used [0x9c140000,0x9c140000,0x9dc00000)
 ParOldGen       total 92416K, used 56842K [0x67000000, 0x6ca40000, 0x91ac0000)
  object space 92416K, 61% used [0x67000000,0x6a782960,0x6ca40000)
 Metaspace       used 38281K, capacity 39643K, committed 40236K, reserved 40240K
}
Event: 1304,626 GC heap before
{Heap before GC invocations=21 (full 6):
 PSYoungGen      total 196096K, used 170496K [0x91ac0000, 0xa2ac0000, 0xa7000000)
  eden space 170496K, 100% used [0x91ac0000,0x9c140000,0x9c140000)
  from space 25600K, 0% used [0x9dc00000,0x9dc00000,0x9f500000)
  to   space 27392K, 0% used [0x9c140000,0x9c140000,0x9dc00000)
 ParOldGen       total 92416K, used 56842K [0x67000000, 0x6ca40000, 0x91ac0000)
  object space 92416K, 61% used [0x67000000,0x6a782960,0x6ca40000)
 Metaspace       used 42312K, capacity 43947K, committed 44076K, reserved 44336K
Event: 1304,701 GC heap after
Heap after GC invocations=21 (full 6):
 PSYoungGen      total 197888K, used 22000K [0x91ac0000, 0xa2680000, 0xa7000000)
  eden space 170496K, 0% used [0x91ac0000,0x91ac0000,0x9c140000)
  from space 27392K, 80% used [0x9c140000,0x9d6bc008,0x9dc00000)
  to   space 29952K, 0% used [0xa0940000,0xa0940000,0xa2680000)
 ParOldGen       total 92416K, used 56846K [0x67000000, 0x6ca40000, 0x91ac0000)
  object space 92416K, 61% used [0x67000000,0x6a783960,0x6ca40000)
 Metaspace       used 42312K, capacity 43947K, committed 44076K, reserved 44336K
}
Event: 1311,681 GC heap before
{Heap before GC invocations=22 (full 6):
 PSYoungGen      total 197888K, used 110137K [0x91ac0000, 0xa2680000, 0xa7000000)
  eden space 170496K, 51% used [0x91ac0000,0x970d2540,0x9c140000)
  from space 27392K, 80% used [0x9c140000,0x9d6bc008,0x9dc00000)
  to   space 29952K, 0% used [0xa0940000,0xa0940000,0xa2680000)
 ParOldGen       total 92416K, used 56846K [0x67000000, 0x6ca40000, 0x91ac0000)
  object space 92416K, 61% used [0x67000000,0x6a783960,0x6ca40000)
 Metaspace       used 43503K, capacity 45259K, committed 45356K, reserved 45360K
Event: 1311,820 GC heap after
Heap after GC invocations=22 (full 6):
 PSYoungGen      total 243200K, used 20129K [0x91ac0000, 0xa2880000, 0xa7000000)
  eden space 213248K, 0% used [0x91ac0000,0x91ac0000,0x9eb00000)
  from space 29952K, 67% used [0xa0940000,0xa1ce8410,0xa2680000)
  to   space 30976K, 0% used [0x9eb00000,0x9eb00000,0xa0940000)
 ParOldGen       total 92416K, used 56850K [0x67000000, 0x6ca40000, 0x91ac0000)
  object space 92416K, 61% used [0x67000000,0x6a784960,0x6ca40000)
 Metaspace       used 43503K, capacity 45259K, committed 45356K, reserved 45360K
}
Event: 1311,820 GC heap before
{Heap before GC invocations=23 (full 7):
 PSYoungGen      total 243200K, used 20129K [0x91ac0000, 0xa2880000, 0xa7000000)
  eden space 213248K, 0% used [0x91ac0000,0x91ac0000,0x9eb00000)
  from space 29952K, 67% used [0xa0940000,0xa1ce8410,0xa2680000)
  to   space 30976K, 0% used [0x9eb00000,0x9eb00000,0xa0940000)
 ParOldGen       total 92416K, used 56850K [0x67000000, 0x6ca40000, 0x91ac0000)
  object space 92416K, 61% used [0x67000000,0x6a784960,0x6ca40000)
 Metaspace       used 43503K, capacity 45259K, committed 45356K, reserved 45360K
Event: 1312,460 GC heap after
Heap after GC invocations=23 (full 7):
 PSYoungGen      total 243200K, used 0K [0x91ac0000, 0xa2880000, 0xa7000000)
  eden space 213248K, 0% used [0x91ac0000,0x91ac0000,0x9eb00000)
  from space 29952K, 0% used [0xa0940000,0xa0940000,0xa2680000)
  to   space 30976K, 0% used [0x9eb00000,0x9eb00000,0xa0940000)
 ParOldGen       total 92416K, used 74959K [0x67000000, 0x6ca40000, 0x91ac0000)
  object space 92416K, 81% used [0x67000000,0x6b933c38,0x6ca40000)
 Metaspace       used 43503K, capacity 45259K, committed 45356K, reserved 45360K
}
Event: 1594,633 GC heap before
{Heap before GC invocations=24 (full 7):
 PSYoungGen      total 243200K, used 213248K [0x91ac0000, 0xa2880000, 0xa7000000)
  eden space 213248K, 100% used [0x91ac0000,0x9eb00000,0x9eb00000)
  from space 29952K, 0% used [0xa0940000,0xa0940000,0xa2680000)
  to   space 30976K, 0% used [0x9eb00000,0x9eb00000,0xa0940000)
 ParOldGen       total 92416K, used 74959K [0x67000000, 0x6ca40000, 0x91ac0000)
  object space 92416K, 81% used [0x67000000,0x6b933c38,0x6ca40000)
 Metaspace       used 47825K, capacity 49813K, committed 49836K, reserved 50480K

Deoptimization events (10 events):
Event: 1303,141 Thread 0x61cbc400 Uncommon trap: reason=array_check action=maybe_recompile pc=0xa8116e38 method=java.util.ComparableTimSort.binarySort([Ljava/lang/Object;III)V @ 193
Event: 1303,153 Thread 0x61cbc400 Uncommon trap: reason=array_check action=maybe_recompile pc=0xa8116e38 method=java.util.ComparableTimSort.binarySort([Ljava/lang/Object;III)V @ 193
Event: 1309,067 Thread 0x61cbc400 Uncommon trap: reason=unstable_if action=reinterpret pc=0xa7aa0ac0 method=sun.security.util.Cache$EqualByteArray.hashCode()I @ 6
Event: 1583,983 Thread 0x61cd5400 Uncommon trap: reason=predicate action=maybe_recompile pc=0xa875a454 method=java.util.TimSort.reverseRange([Ljava/lang/Object;II)V @ 8
Event: 1585,245 Thread 0x61cd5400 Uncommon trap: reason=array_check action=maybe_recompile pc=0xa875b038 method=java.util.TimSort.reverseRange([Ljava/lang/Object;II)V @ 20
Event: 1585,246 Thread 0x61cd5400 Uncommon trap: reason=array_check action=maybe_recompile pc=0xa875b038 method=java.util.TimSort.reverseRange([Ljava/lang/Object;II)V @ 20
Event: 1585,316 Thread 0x61cd5400 Uncommon trap: reason=array_check action=maybe_recompile pc=0xa875b038 method=java.util.TimSort.reverseRange([Ljava/lang/Object;II)V @ 20
Event: 1585,317 Thread 0x61cd5400 Uncommon trap: reason=array_check action=maybe_recompile pc=0xa875b038 method=java.util.TimSort.reverseRange([Ljava/lang/Object;II)V @ 20
Event: 1585,447 Thread 0x61cd5400 Uncommon trap: reason=array_check action=maybe_recompile pc=0xa877311c method=java.util.TimSort.reverseRange([Ljava/lang/Object;II)V @ 27
Event: 1585,447 Thread 0x61cd5400 Uncommon trap: reason=array_check action=maybe_recompile pc=0xa877311c method=java.util.TimSort.reverseRange([Ljava/lang/Object;II)V @ 27

Internal exceptions (10 events):
Event: 1586,202 Thread 0x61cd5400 Exception <a 'java/lang/ClassNotFoundException': com/android/ide/common/res2/AssetSetBeanInfo> (0x9cc900e0) thrown at [/HUDSON3/workspace/8-2-build-linux-i586/jdk8u60/4407/hotspot/src/share/vm/classfile/systemDictionary.cpp, line 210]
Event: 1586,203 Thread 0x61cd5400 Exception <a 'java/lang/ClassNotFoundException': com/android/ide/common/res2/AssetSetCustomizer> (0x9cc9add8) thrown at [/HUDSON3/workspace/8-2-build-linux-i586/jdk8u60/4407/hotspot/src/share/vm/classfile/systemDictionary.cpp, line 210]
Event: 1586,211 Thread 0x61cd5400 Exception <a 'java/lang/ClassNotFoundException': com/android/build/gradle/internal/dependency/ManifestDependencyImplBeanInfo> (0x9cd1a140) thrown at [/HUDSON3/workspace/8-2-build-linux-i586/jdk8u60/4407/hotspot/src/share/vm/classfile/systemDictionary.cpp,
Event: 1586,211 Thread 0x61cd5400 Exception <a 'java/lang/ClassNotFoundException': com/android/build/gradle/internal/dependency/ManifestDependencyImplCustomizer> (0x9cd29288) thrown at [/HUDSON3/workspace/8-2-build-linux-i586/jdk8u60/4407/hotspot/src/share/vm/classfile/systemDictionary.cp
Event: 1586,237 Thread 0x61cd5400 Exception <a 'java/lang/ClassNotFoundException': com/android/builder/internal/compiler/PreDexCacheBeanInfo> (0x9cdb0278) thrown at [/HUDSON3/workspace/8-2-build-linux-i586/jdk8u60/4407/hotspot/src/share/vm/classfile/systemDictionary.cpp, line 210]
Event: 1586,237 Thread 0x61cd5400 Exception <a 'java/lang/ClassNotFoundException': com/android/builder/internal/compiler/PreProcessCacheBeanInfo> (0x9cdbc6b0) thrown at [/HUDSON3/workspace/8-2-build-linux-i586/jdk8u60/4407/hotspot/src/share/vm/classfile/systemDictionary.cpp, line 210]
Event: 1586,238 Thread 0x61cd5400 Exception <a 'java/lang/ClassNotFoundException': com/android/builder/internal/compiler/PreProcessCacheCustomizer> (0x9cdc90b8) thrown at [/HUDSON3/workspace/8-2-build-linux-i586/jdk8u60/4407/hotspot/src/share/vm/classfile/systemDictionary.cpp, line 210]
Event: 1586,238 Thread 0x61cd5400 Exception <a 'java/lang/ClassNotFoundException': com/android/builder/internal/compiler/PreDexCacheCustomizer> (0x9cdd7e78) thrown at [/HUDSON3/workspace/8-2-build-linux-i586/jdk8u60/4407/hotspot/src/share/vm/classfile/systemDictionary.cpp, line 210]
Event: 1592,454 Thread 0x61cd5400 Exception <a 'java/lang/ClassNotFoundException': com/android/build/gradle/internal/core/MergedNdkConfigBeanInfo> (0x9dd30b58) thrown at [/HUDSON3/workspace/8-2-build-linux-i586/jdk8u60/4407/hotspot/src/share/vm/classfile/systemDictionary.cpp, line 210]
Event: 1592,454 Thread 0x61cd5400 Exception <a 'java/lang/ClassNotFoundException': com/android/build/gradle/internal/core/MergedNdkConfigCustomizer> (0x9dd3d4e0) thrown at [/HUDSON3/workspace/8-2-build-linux-i586/jdk8u60/4407/hotspot/src/share/vm/classfile/systemDictionary.cpp, line 210]

Events (10 events):
Event: 1594,319 Thread 0x63d32800 flushing nmethod 0xa7aa07c8
Event: 1594,319 Thread 0x63d32800 flushing nmethod 0xa7abf308
Event: 1594,320 Thread 0x63d32800 flushing nmethod 0xa7b2cc48
Event: 1594,418 Thread 0x63d34800 flushing nmethod 0xa7c93688
Event: 1594,423 Thread 0x63d34800 flushing nmethod 0xa7d04f48
Event: 1594,423 Thread 0x63d34800 flushing nmethod 0xa7d6d508
Event: 1594,465 Thread 0x63d34800 flushing nmethod 0xa7ffe248
Event: 1594,495 Thread 0x63d34800 flushing nmethod 0xa80cbc48
Event: 1594,549 Thread 0x63d34800 flushing nmethod 0xa8543608
Event: 1594,600 Executing VM operation: ParallelGCFailedAllocation


Dynamic libraries:
08048000-08049000 r-xp 00000000 08:01 1837285    /usr/share/jdk1.8.0_60/bin/java
08049000-0804a000 rw-p 00000000 08:01 1837285    /usr/share/jdk1.8.0_60/bin/java
09727000-0ac82000 rw-p 00000000 00:00 0          [heap]
5e200000-5e260000 rw-p 00000000 00:00 0 
5e260000-5e300000 ---p 00000000 00:00 0 
5e300000-5e400000 rw-p 00000000 00:00 0 
5e400000-5e4ff000 rw-p 00000000 00:00 0 
5e4ff000-5e500000 ---p 00000000 00:00 0 
5e500000-5e59c000 rw-p 00000000 00:00 0 
5e59c000-5e600000 ---p 00000000 00:00 0 
5e600000-5e700000 rw-p 00000000 00:00 0 
5e700000-5e800000 rw-p 00000000 00:00 0 
5e800000-5e900000 rw-p 00000000 00:00 0 
5e900000-5ea00000 rw-p 00000000 00:00 0 
5ea00000-5eb00000 rw-p 00000000 00:00 0 
5eb00000-5ec00000 rw-p 00000000 00:00 0 
5ec00000-5ed00000 rw-p 00000000 00:00 0 
5ed00000-5ee00000 rw-p 00000000 00:00 0 
5ee00000-5ef00000 rw-p 00000000 00:00 0 
5ef00000-5f000000 rw-p 00000000 00:00 0 
5f000000-5f0f5000 rw-p 00000000 00:00 0 
5f0f5000-5f100000 ---p 00000000 00:00 0 
5f100000-5f1a9000 rw-p 00000000 00:00 0 
5f1a9000-5f200000 ---p 00000000 00:00 0 
5f200000-5f300000 rw-p 00000000 00:00 0 
5f300000-5f400000 rw-p 00000000 00:00 0 
5f400000-5f500000 rw-p 00000000 00:00 0 
5f500000-5f5fe000 rw-p 00000000 00:00 0 
5f5fe000-5f600000 ---p 00000000 00:00 0 
5f600000-5f6fa000 rw-p 00000000 00:00 0 
5f6fa000-5f700000 ---p 00000000 00:00 0 
5f700000-5f800000 rw-p 00000000 00:00 0 
5f800000-5f900000 rw-p 00000000 00:00 0 
5f900000-5fa00000 rw-p 00000000 00:00 0 
5fa00000-5fb00000 rw-p 00000000 00:00 0 
5fb00000-5fc00000 rw-p 00000000 00:00 0 
5fc00000-5fcfd000 rw-p 00000000 00:00 0 
5fcfd000-5fd00000 ---p 00000000 00:00 0 
5fd00000-5fe00000 rw-p 00000000 00:00 0 
5fe00000-5ff00000 rw-p 00000000 00:00 0 
5ff00000-60000000 rw-p 00000000 00:00 0 
60000000-601fe000 rw-p 00000000 00:00 0 
601fe000-60200000 ---p 00000000 00:00 0 
60200000-60300000 rw-p 00000000 00:00 0 
60300000-60400000 rw-p 00000000 00:00 0 
60400000-604f9000 rw-p 00000000 00:00 0 
604f9000-60500000 ---p 00000000 00:00 0 
605b6000-606b5000 rw-p 00000000 00:00 0 
606b5000-606b6000 ---p 00000000 00:00 0 
606b6000-607b6000 rw-p 00000000 00:00 0 
607b6000-608b6000 rw-p 00000000 00:00 0 
608b6000-609b6000 rw-p 00000000 00:00 0 
60a67000-60b67000 rw-p 00000000 00:00 0 
60bb8000-60bbb000 ---p 00000000 00:00 0 
60bbb000-60c09000 rw-p 00000000 00:00 0 
60c09000-60c0c000 ---p 00000000 00:00 0 
60c0c000-60d5a000 rw-p 00000000 00:00 0 
60d5e000-60d61000 ---p 00000000 00:00 0 
60d61000-60daf000 rw-p 00000000 00:00 0 
60daf000-60db2000 ---p 00000000 00:00 0 
60db2000-60f00000 rw-p 00000000 00:00 0 
60f00000-61000000 rw-p 00000000 00:00 0 
61000000-610fd000 rw-p 00000000 00:00 0 
610fd000-61100000 ---p 00000000 00:00 0 
6113d000-61140000 ---p 00000000 00:00 0 
61140000-6128e000 rw-p 00000000 00:00 0 
6128e000-6138e000 rw-p 00000000 00:00 0 
6138e000-6148e000 rw-p 00000000 00:00 0 
614dd000-614e0000 ---p 00000000 00:00 0 
614e0000-6152e000 rw-p 00000000 00:00 0 
6152e000-61541000 r--s 00344000 08:01 1837125    /usr/share/jdk1.8.0_60/jre/lib/resources.jar
61541000-61543000 r--s 00001000 08:01 1837141    /usr/share/jdk1.8.0_60/jre/lib/ext/dnsns.jar
61543000-61643000 rw-p 00000000 00:00 0 
61643000-61743000 rw-p 00000000 00:00 0 
61743000-61843000 rw-p 00000000 00:00 0 
61843000-61943000 rw-p 00000000 00:00 0 
61943000-61945000 r--s 00004000 08:01 5779667    /home/ggalia84/.gradle/caches/modules-2/files-2.1/org.ow2.asm/asm-tree/4.0/67bd266cd17adcee486b76952ece4cc85fe248b8/asm-tree-4.0.jar
61945000-6194e000 r--s 000a7000 08:01 5779666    /home/ggalia84/.gradle/caches/modules-2/files-2.1/com.android.tools.external.lombok/lombok-ast/0.2.2/57e560b535ceaa14fb6f15422d74594acd6c5b64/lombok-ast-0.2.2.jar
6194e000-61950000 r--s 0000a000 08:01 5779665    /home/ggalia84/.gradle/caches/modules-2/files-2.1/org.ow2.asm/asm/4.0/659add6efc75a4715d738e73f07505246edf4d66/asm-4.0.jar
61950000-61952000 r--s 0000d000 08:01 5779664    /home/ggalia84/.gradle/caches/modules-2/files-2.1/commons-codec/commons-codec/1.4/4216af16d38465bbab0f3dff8efa14204f7a399a/commons-codec-1.4.jar
61952000-61954000 r--s 0000d000 08:01 5779663    /home/ggalia84/.gradle/caches/modules-2/files-2.1/commons-logging/commons-logging/1.1.1/5043bfebc3db072ed80fbd362e7caf00e885d8ae/commons-logging-1.1.1.jar
61954000-61959000 r--s 00028000 08:01 5779662    /home/ggalia84/.gradle/caches/modules-2/files-2.1/org.apache.httpcomponents/httpcore/4.1/33fc26c02f8043ab0ede19eadc8c9885386b255c/httpcore-4.1.jar
61959000-6195a000 r--s 00004000 08:01 5779661    /home/ggalia84/.gradle/caches/modules-2/files-2.1/org.ow2.asm/asm-analysis/4.0/1c45d52b6f6c638db13cf3ac12adeb56b254cdd7/asm-analysis-4.0.jar
6195a000-6195d000 r--s 00029000 08:01 5779660    /home/ggalia84/.gradle/caches/modules-2/files-2.1/com.android.tools.lint/lint-api/24.0.0/f7b3b232bc6a2a48a48dd3aedb80113c82d6acba/lint-api-24.0.0.jar
6195d000-61964000 r--s 00053000 08:01 5779659    /home/ggalia84/.gradle/caches/modules-2/files-2.1/org.apache.commons/commons-compress/1.8.1/a698750c16740fd5b3871425f4cb3bbaa87f529d/commons-compress-1.8.1.jar
61964000-61965000 r--s 00005000 08:01 5779658    /home/ggalia84/.gradle/caches/modules-2/files-2.1/com.android.tools/dvlib/24.0.0/ae24752eb30a9154f5a3d822b64d28d709b9c30b/dvlib-24.0.0.jar
61965000-6196d000 r--s 0004e000 08:01 5779656    /home/ggalia84/.gradle/caches/modules-2/files-2.1/org.apache.httpcomponents/httpclient/4.1.1/3d1d918f32709e33ba7ddb2c4e8d1c543ebe713e/httpclient-4.1.1.jar
6196d000-61970000 r--s 00011000 08:01 5779655    /home/ggalia84/.gradle/caches/modules-2/files-2.1/com.android.tools.layoutlib/layoutlib-api/24.0.0/a43d5bf045da108875a860767c453078b0d77795/layoutlib-api-24.0.0.jar
61970000-6199b000 r--s 001f9000 08:01 5779653    /home/ggalia84/.gradle/caches/modules-2/files-2.1/com.google.guava/guava/17.0/9c6ef172e8de35fd8d4d8783e4821e57cdef7445/guava-17.0.jar
6199b000-619ab000 r--s 000d3000 08:01 5779652    /home/ggalia84/.gradle/caches/modules-2/files-2.1/net.sf.proguard/proguard-base/5.1/dc606dd778fe4685be16d5a171782ccfe0ef5637/proguard-base-5.1.jar
619ab000-619ba000 r--s 001a9000 08:01 5779651    /home/ggalia84/.gradle/caches/modules-2/files-2.1/org.eclipse.jdt.core.compiler/ecj/4.2.2/d9fd79499c664bccaf24dbe04be417de6c6af64a/ecj-4.2.2.jar
619ba000-619bf000 r--s 0008c000 08:01 5779650    /home/ggalia84/.gradle/caches/modules-2/files-2.1/com.android.tools.lint/lint-checks/24.0.0/9cb8d9c675a7716ac6f4d20df0ef0aba0e4519f5/lint-checks-24.0.0.jar
619bf000-619cd000 r--s 00081000 08:01 5779649    /home/ggalia84/.gradle/caches/modules-2/files-2.1/org.bouncycastle/bcpkix-jdk15on/1.48/28b7614b908a47844bb27e3c94b45b6893656265/bcpkix-jdk15on-1.48.jar
619cd000-61a00000 r--s 00203000 08:01 5779641    /home/ggalia84/.gradle/caches/modules-2/files-2.1/org.bouncycastle/bcprov-jdk15on/1.48/960dea7c9181ba0b17e8bab0c06a43f0a5f04e65/bcprov-jdk15on-1.48.jar
61a00000-61b00000 rw-p 00000000 00:00 0 
61b00000-61c00000 rw-p 00000000 00:00 0 
61c00000-61d00000 rw-p 00000000 00:00 0 
61d00000-61d02000 r--s 00005000 08:01 5779657    /home/ggalia84/.gradle/caches/modules-2/files-2.1/org.apache.httpcomponents/httpmime/4.1/9ba2dcdf94ce35c8a8e9bff242db0618ca932e92/httpmime-4.1.jar
61d02000-61d03000 r--s 0000a000 08:01 5779654    /home/ggalia84/.gradle/caches/modules-2/files-2.1/net.sf.kxml/kxml2/2.3.0/ccbc77a5fd907ef863c29f3596c6f54ffa4e9442/kxml2-2.3.0.jar
61d03000-61d0d000 r--s 000a8000 08:01 5779648    /home/ggalia84/.gradle/caches/modules-2/files-2.1/com.android.tools/sdklib/24.0.0/df228874ac1c933b64492bdbe2d9bab5ab434166/sdklib-24.0.0.jar
61d0d000-61d0f000 r--s 00003000 08:01 5779647    /home/ggalia84/.gradle/caches/modules-2/files-2.1/com.android.tools.build/builder-model/1.0.0/2a3969a9082b47a4855395de918682eee946285a/builder-model-1.0.0.jar
61d0f000-61d12000 r--s 00029000 08:01 5779646    /home/ggalia84/.gradle/caches/modules-2/files-2.1/com.android.tools.build/manifest-merger/24.0.0/d0193672ed299817e4be2ba1caeeda4924b0e447/manifest-merger-24.0.0.jar
61d12000-61d17000 r--s 00042000 08:01 5779645    /home/ggalia84/.gradle/caches/modules-2/files-2.1/com.android.tools.ddms/ddmlib/24.0.0/25b4cd0c917c47ce599008f4431ecffa0a57b51a/ddmlib-24.0.0.jar
61d17000-61d19000 r--s 00014000 08:01 5779643    /home/ggalia84/.gradle/caches/modules-2/files-2.1/com.android.tools/common/24.0.0/271771234c82097345fb73c9571c403e22f62faf/common-24.0.0.jar
61d19000-61d1b000 r--s 00002000 08:01 5779642    /home/ggalia84/.gradle/caches/modules-2/files-2.1/com.squareup/javawriter/2.5.0/81241ff7078ef14f42ea2a8995fa09c096256e6b/javawriter-2.5.0.jar
61d1b000-61d20000 r--s 00047000 08:01 5779640    /home/ggalia84/.gradle/caches/modules-2/files-2.1/com.android.tools/sdk-common/24.0.0/ebb1e063b8c370a88a38bf46036dce3892fe6c01/sdk-common-24.0.0.jar
61d20000-61d34000 r-xp 00000000 08:01 6554865    /lib/i386-linux-gnu/libresolv-2.21.so
61d34000-61d36000 r--p 00013000 08:01 6554865    /lib/i386-linux-gnu/libresolv-2.21.so
61d36000-61d37000 rw-p 00015000 08:01 6554865    /lib/i386-linux-gnu/libresolv-2.21.so
61d37000-61d39000 rw-p 00000000 00:00 0 
61d39000-61d3a000 r--s 00000000 08:01 5779644    /home/ggalia84/.gradle/caches/modules-2/files-2.1/com.android.tools.build/builder-test-api/1.0.0/2d6ea74b74f8d928e468ff623825d22a5d8a1649/builder-test-api-1.0.0.jar
61d3a000-61d3e000 r--s 00031000 08:01 5779636    /home/ggalia84/.gradle/caches/modules-2/files-2.1/com.android.tools.build/builder/1.0.0/528fdfb8a4d51ae4177e7d913e88767916a84758/builder-1.0.0.jar
61d3e000-61d4e000 r--s 00138000 08:01 5779635    /home/ggalia84/.gradle/caches/modules-2/files-2.1/com.android.tools.build/gradle/1.0.0/79f4ed9b6582ecec4d7b35aecfa45fbc48dadb96/gradle-1.0.0.jar
61d4e000-61d54000 r--s 0003f000 08:01 1837144    /usr/share/jdk1.8.0_60/jre/lib/ext/sunjce_provider.jar
61d54000-61d87000 r-xp 00000000 08:01 1837247    /usr/share/jdk1.8.0_60/jre/lib/i386/libsunec.so
61d87000-61d8b000 rw-p 00032000 08:01 1837247    /usr/share/jdk1.8.0_60/jre/lib/i386/libsunec.so
61d8b000-61d8f000 rw-p 00000000 00:00 0 
61d8f000-61d92000 ---p 00000000 00:00 0 
61d92000-61ee0000 rw-p 00000000 00:00 0          [stack:6811]
61ee0000-61fe0000 rw-p 00000000 00:00 0 
61fe0000-620e0000 rw-p 00000000 00:00 0 
620e0000-621e0000 rw-p 00000000 00:00 0 
621e0000-62259000 r--s 010e2000 08:01 9198672    /usr/share/jdk1.8.0_60/lib/tools.jar
62259000-62359000 rw-p 00000000 00:00 0 
62359000-6235c000 ---p 00000000 00:00 0 
6235c000-623aa000 rw-p 00000000 00:00 0          [stack:7942]
623aa000-623ad000 ---p 00000000 00:00 0 
623ad000-623fb000 rw-p 00000000 00:00 0          [stack:7939]
623fb000-623fe000 ---p 00000000 00:00 0 
623fe000-6244c000 rw-p 00000000 00:00 0          [stack:7941]
6244c000-6244f000 ---p 00000000 00:00 0 
6244f000-6249d000 rw-p 00000000 00:00 0          [stack:7940]
6249d000-624a0000 ---p 00000000 00:00 0 
624a0000-624ee000 rw-p 00000000 00:00 0          [stack:7938]
624ee000-624f1000 ---p 00000000 00:00 0 
624f1000-6263f000 rw-p 00000000 00:00 0          [stack:6798]
6263f000-62800000 rw-p 00000000 00:00 0 
62800000-6287d000 rw-p 00000000 00:00 0 
6287d000-62900000 ---p 00000000 00:00 0 
62900000-62905000 r-xp 00000000 08:01 6554810    /lib/i386-linux-gnu/libnss_dns-2.21.so
62905000-62906000 r--p 00004000 08:01 6554810    /lib/i386-linux-gnu/libnss_dns-2.21.so
62906000-62907000 rw-p 00005000 08:01 6554810    /lib/i386-linux-gnu/libnss_dns-2.21.so
62907000-62909000 r-xp 00000000 08:01 6554818    /lib/i386-linux-gnu/libnss_mdns4_minimal.so.2
62909000-6290a000 r--p 00001000 08:01 6554818    /lib/i386-linux-gnu/libnss_mdns4_minimal.so.2
6290a000-6290b000 rw-p 00002000 08:01 6554818    /lib/i386-linux-gnu/libnss_mdns4_minimal.so.2
6290b000-629f4000 r-xp 00000000 08:01 7346778    /usr/lib/i386-linux-gnu/libstdc++.so.6.0.20
629f4000-629f8000 r--p 000e9000 08:01 7346778    /usr/lib/i386-linux-gnu/libstdc++.so.6.0.20
629f8000-629f9000 rw-p 000ed000 08:01 7346778    /usr/lib/i386-linux-gnu/libstdc++.so.6.0.20
629f9000-62b00000 rw-p 00000000 00:00 0 
62b00000-62c00000 rw-p 00000000 00:00 0 
62c00000-62cff000 rw-p 00000000 00:00 0 
62cff000-62d00000 ---p 00000000 00:00 0 
62d00000-62d01000 r--s 00002000 08:01 5779639    /home/ggalia84/.gradle/caches/modules-2/files-2.1/net.sf.proguard/proguard-gradle/5.1/672d43cbfde4765080e5bea19c51a2cc45dfc00/proguard-gradle-5.1.jar
62d01000-62d03000 r--s 00018000 08:01 5779638    /home/ggalia84/.gradle/caches/modules-2/files-2.1/com.android.tools.lint/lint/24.0.0/e3d6e09a113af66fd2e5dc6e4d2321d7b0d82328/lint-24.0.0.jar
62d03000-62d06000 ---p 00000000 00:00 0 
62d06000-62d1c000 rw-p 00000000 00:00 0 
62d1c000-62d2b000 r-xp 00000000 08:01 1837211    /usr/share/jdk1.8.0_60/jre/lib/i386/libnio.so
62d2b000-62d2c000 rw-p 0000e000 08:01 1837211    /usr/share/jdk1.8.0_60/jre/lib/i386/libnio.so
62d2c000-62d48000 r-xp 00000000 08:01 6553689    /lib/i386-linux-gnu/libgcc_s.so.1
62d48000-62d49000 rw-p 0001b000 08:01 6553689    /lib/i386-linux-gnu/libgcc_s.so.1
62d49000-62d4a000 r--s 00009000 08:01 1837146    /usr/share/jdk1.8.0_60/jre/lib/ext/sunec.jar
62d4a000-62d4d000 r--s 0001a000 08:01 1837113    /usr/share/jdk1.8.0_60/jre/lib/jce.jar
62d4d000-62d4e000 r--p 00000000 00:00 0 
62d4e000-62d63000 r-xp 00000000 08:01 1837189    /usr/share/jdk1.8.0_60/jre/lib/i386/libnet.so
62d63000-62d64000 rw-p 00015000 08:01 1837189    /usr/share/jdk1.8.0_60/jre/lib/i386/libnet.so
62d64000-62d68000 r-xp 00000000 08:01 5786668    /tmp/native-platform947948907457896205dir/libnative-platform.so
62d68000-62d69000 rw-p 00003000 08:01 5786668    /tmp/native-platform947948907457896205dir/libnative-platform.so
62d69000-62d6d000 r--s 00095000 08:01 1837008    /usr/share/jdk1.8.0_60/jre/lib/jsse.jar
62d6d000-62d6f000 r--s 00002000 08:01 5768944    /home/ggalia84/.gradle/wrapper/dists/gradle-2.2.1-all/2m8005s69iu8v0oiejfej094b/gradle-2.2.1/lib/plugins/gradle-cunit-2.2.1.jar
62d6f000-62d74000 r--s 00036000 08:01 5768943    /home/ggalia84/.gradle/wrapper/dists/gradle-2.2.1-all/2m8005s69iu8v0oiejfej094b/gradle-2.2.1/lib/plugins/gradle-ide-native-2.2.1.jar
62d74000-62d79000 r--s 00013000 08:01 5768942    /home/ggalia84/.gradle/wrapper/dists/gradle-2.2.1-all/2m8005s69iu8v0oiejfej094b/gradle-2.2.1/lib/plugins/gradle-language-native-2.2.1.jar
62d79000-62d84000 r--s 0004d000 08:01 5768941    /home/ggalia84/.gradle/wrapper/dists/gradle-2.2.1-all/2m8005s69iu8v0oiejfej094b/gradle-2.2.1/lib/plugins/gradle-platform-native-2.2.1.jar
62d84000-62d86000 r--s 00008000 08:01 5768940    /home/ggalia84/.gradle/wrapper/dists/gradle-2.2.1-all/2m8005s69iu8v0oiejfej094b/gradle-2.2.1/lib/plugins/gradle-language-groovy-2.2.1.jar
62d86000-62d8b000 r--s 00022000 08:01 5768939    /home/ggalia84/.gradle/wrapper/dists/gradle-2.2.1-all/2m8005s69iu8v0oiejfej094b/gradle-2.2.1/lib/plugins/gradle-language-java-2.2.1.jar
62d8b000-62d8e000 r--s 00007000 08:01 5768938    /home/ggalia84/.gradle/wrapper/dists/gradle-2.2.1-all/2m8005s69iu8v0oiejfej094b/gradle-2.2.1/lib/plugins/gradle-language-jvm-2.2.1.jar
62d8e000-62d91000 r--s 00009000 08:01 5768937    /home/ggalia84/.gradle/wrapper/dists/gradle-2.2.1-all/2m8005s69iu8v0oiejfej094b/gradle-2.2.1/lib/plugins/gradle-platform-jvm-2.2.1.jar
62d91000-62d96000 r--s 00018000 08:01 5768936    /home/ggalia84/.gradle/wrapper/dists/gradle-2.2.1-all/2m8005s69iu8v0oiejfej094b/gradle-2.2.1/lib/plugins/gradle-platform-base-2.2.1.jar
62d96000-62d9b000 r--s 00026000 08:01 5768935    /home/ggalia84/.gradle/wrapper/dists/gradle-2.2.1-all/2m8005s69iu8v0oiejfej094b/gradle-2.2.1/lib/plugins/gradle-build-init-2.2.1.jar
62d9b000-62d9e000 r--s 0001d000 08:01 5768934    /home/ggalia84/.gradle/wrapper/dists/gradle-2.2.1-all/2m8005s69iu8v0oiejfej094b/gradle-2.2.1/lib/plugins/gradle-jacoco-2.2.1.jar
62d9e000-62da1000 r--s 0000d000 08:01 5768933    /home/ggalia84/.gradle/wrapper/dists/gradle-2.2.1-all/2m8005s69iu8v0oiejfej094b/gradle-2.2.1/lib/plugins/gradle-ivy-2.2.1.jar
62da1000-62da3000 r--s 00002000 08:01 5768932    /home/ggalia84/.gradle/wrapper/dists/gradle-2.2.1-all/2m8005s69iu8v0oiejfej094b/gradle-2.2.1/lib/plugins/gradle-publish-2.2.1.jar
62da3000-62da5000 r--s 00005000 08:01 5768970    /home/ggalia84/.gradle/wrapper/dists/gradle-2.2.1-all/2m8005s69iu8v0oiejfej094b/gradle-2.2.1/lib/plugins/jatl-0.2.2.jar
62da5000-62da7000 r--s 0000f000 08:01 5768931    /home/ggalia84/.gradle/wrapper/dists/gradle-2.2.1-all/2m8005s69iu8v0oiejfej094b/gradle-2.2.1/lib/plugins/gradle-reporting-2.2.1.jar
62da7000-62dac000 r--s 00034000 08:01 5768930    /home/ggalia84/.gradle/wrapper/dists/gradle-2.2.1-all/2m8005s69iu8v0oiejfej094b/gradle-2.2.1/lib/plugins/gradle-diagnostics-2.2.1.jar
62dac000-62db3000 r--s 00090000 08:01 5768929    /home/ggalia84/.gradle/wrapper/dists/gradle-2.2.1-all/2m8005s69iu8v0oiejfej094b/gradle-2.2.1/lib/plugins/gradle-build-comparison-2.2.1.jar
62db3000-62dba000 r--s 00035000 08:01 5768969    /home/ggalia84/.gradle/wrapper/dists/gradle-2.2.1-all/2m8005s69iu8v0oiejfej094b/gradle-2.2.1/lib/plugins/simple-4.1.21.jar
62dba000-62dc6000 r--s 00100000 08:01 5768967    /home/ggalia84/.gradle/wrapper/dists/gradle-2.2.1-all/2m8005s69iu8v0oiejfej094b/gradle-2.2.1/lib/plugins/rhino-1.7R3.jar
62dc6000-62dcb000 r--s 0001f000 08:01 5768928    /home/ggalia84/.gradle/wrapper/dists/gradle-2.2.1-all/2m8005s69iu8v0oiejfej094b/gradle-2.2.1/lib/plugins/gradle-javascript-2.2.1.jar
62dcb000-62dcd000 r--s 0000e000 08:01 5768927    /home/ggalia84/.gradle/wrapper/dists/gradle-2.2.1-all/2m8005s69iu8v0oiejfej094b/gradle-2.2.1/lib/plugins/gradle-ear-2.2.1.jar
62dcd000-62dd1000 r--s 00025000 08:01 5768966    /home/ggalia84/.gradle/wrapper/dists/gradle-2.2.1-all/2m8005s69iu8v0oiejfej094b/gradle-2.2.1/lib/plugins/bcpg-jdk15-1.46.jar
62dd1000-62dd4000 r--s 0001d000 08:01 5768926    /home/ggalia84/.gradle/wrapper/dists/gradle-2.2.1-all/2m8005s69iu8v0oiejfej094b/gradle-2.2.1/lib/plugins/gradle-signing-2.2.1.jar
62dd4000-62dd7000 r--s 00018000 08:01 5768925    /home/ggalia84/.gradle/wrapper/dists/gradle-2.2.1-all/2m8005s69iu8v0oiejfej094b/gradle-2.2.1/lib/plugins/gradle-sonar-2.2.1.jar
62dd7000-62dda000 r--s 00017000 08:01 5768924    /home/ggalia84/.gradle/wrapper/dists/gradle-2.2.1-all/2m8005s69iu8v0oiejfej094b/gradle-2.2.1/lib/plugins/gradle-scala-2.2.1.jar
62dda000-62de8000 r--s 000bc000 08:01 5768922    /home/ggalia84/.gradle/wrapper/dists/gradle-2.2.1-all/2m8005s69iu8v0oiejfej094b/gradle-2.2.1/lib/plugins/gradle-ide-2.2.1.jar
62de8000-62e00000 r--s 0013b000 08:01 5768960    /home/ggalia84/.gradle/wrapper/dists/gradle-2.2.1-all/2m8005s69iu8v0oiejfej094b/gradle-2.2.1/lib/plugins/bndlib-2.1.0.jar
62e00000-62f00000 rw-p 00000000 00:00 0 
62f00000-62ff9000 rw-p 00000000 00:00 0 
62ff9000-63000000 ---p 00000000 00:00 0 
63000000-63001000 r--s 00001000 08:01 5768945    /home/ggalia84/.gradle/wrapper/dists/gradle-2.2.1-all/2m8005s69iu8v0oiejfej094b/gradle-2.2.1/lib/plugins/gradle-plugin-development-2.2.1.jar
63001000-63002000 r--s 00002000 08:01 5768965    /home/ggalia84/.gradle/wrapper/dists/gradle-2.2.1-all/2m8005s69iu8v0oiejfej094b/gradle-2.2.1/lib/plugins/sonar-batch-bootstrapper-2.9.jar
63002000-63004000 r--s 0000e000 08:01 5768923    /home/ggalia84/.gradle/wrapper/dists/gradle-2.2.1-all/2m8005s69iu8v0oiejfej094b/gradle-2.2.1/lib/plugins/gradle-announce-2.2.1.jar
63004000-63006000 r--s 00000000 08:01 5768964    /home/ggalia84/.gradle/wrapper/dists/gradle-2.2.1-all/2m8005s69iu8v0oiejfej094b/gradle-2.2.1/lib/plugins/plexus-component-annotations-1.5.2.jar
63006000-63009000 r--s 0000c000 08:01 5768963    /home/ggalia84/.gradle/wrapper/dists/gradle-2.2.1-all/2m8005s69iu8v0oiejfej094b/gradle-2.2.1/lib/plugins/pmaven-groovy-0.8-20100325.jar
63009000-6300a000 r--s 00004000 08:01 5768962    /home/ggalia84/.gradle/wrapper/dists/gradle-2.2.1-all/2m8005s69iu8v0oiejfej094b/gradle-2.2.1/lib/plugins/pmaven-common-0.8-20100325.jar
6300a000-6300e000 r--s 0001e000 08:01 5768921    /home/ggalia84/.gradle/wrapper/dists/gradle-2.2.1-all/2m8005s69iu8v0oiejfej094b/gradle-2.2.1/lib/plugins/gradle-maven-2.2.1.jar
6300e000-63010000 r--s 00004000 08:01 5768920    /home/ggalia84/.gradle/wrapper/dists/gradle-2.2.1-all/2m8005s69iu8v0oiejfej094b/gradle-2.2.1/lib/plugins/gradle-osgi-2.2.1.jar
63010000-63015000 r--s 00068000 08:01 5768959    /home/ggalia84/.gradle/wrapper/dists/gradle-2.2.1-all/2m8005s69iu8v0oiejfej094b/gradle-2.2.1/lib/plugins/antlr-2.7.7.jar
63015000-63016000 r--s 00002000 08:01 5768958    /home/ggalia84/.gradle/wrapper/dists/gradle-2.2.1-all/2m8005s69iu8v0oiejfej094b/gradle-2.2.1/lib/plugins/ant-antlr-1.9.3.jar
63016000-63018000 r--s 00004000 08:01 5768919    /home/ggalia84/.gradle/wrapper/dists/gradle-2.2.1-all/2m8005s69iu8v0oiejfej094b/gradle-2.2.1/lib/plugins/gradle-antlr-2.2.1.jar
63018000-6301b000 r--s 0001e000 08:01 5768981    /home/ggalia84/.gradle/wrapper/dists/gradle-2.2.1-all/2m8005s69iu8v0oiejfej094b/gradle-2.2.1/lib/plugins/jsp-api-2.1-6.1.14.jar
6301b000-6303e000 r--s 00344000 08:01 5768980    /home/ggalia84/.gradle/wrapper/dists/gradle-2.2.1-all/2m8005s69iu8v0oiejfej094b/gradle-2.2.1/lib/plugins/core-3.1.1.jar
6303e000-6303f000 r--s 00006000 08:01 5768979    /home/ggalia84/.gradle/wrapper/dists/gradle-2.2.1-all/2m8005s69iu8v0oiejfej094b/gradle-2.2.1/lib/plugins/jetty-naming-6.1.25.jar
6303f000-63040000 r--s 00002000 08:01 5768957    /home/ggalia84/.gradle/wrapper/dists/gradle-2.2.1-all/2m8005s69iu8v0oiejfej094b/gradle-2.2.1/lib/plugins/geronimo-annotation_1.0_spec-1.0.jar
63040000-63042000 r--s 00002000 08:01 5768956    /home/ggalia84/.gradle/wrapper/dists/gradle-2.2.1-all/2m8005s69iu8v0oiejfej094b/gradle-2.2.1/lib/plugins/jetty-annotations-6.1.25.jar
63042000-63053000 r--s 000ea000 08:01 5768955    /home/ggalia84/.gradle/wrapper/dists/gradle-2.2.1-all/2m8005s69iu8v0oiejfej094b/gradle-2.2.1/lib/plugins/jsp-2.1-6.1.14.jar
63053000-63055000 r--s 0000d000 08:01 5768954    /home/ggalia84/.gradle/wrapper/dists/gradle-2.2.1-all/2m8005s69iu8v0oiejfej094b/gradle-2.2.1/lib/plugins/jetty-plus-6.1.25.jar
63055000-63057000 r--s 0001f000 08:01 5768953    /home/ggalia84/.gradle/wrapper/dists/gradle-2.2.1-all/2m8005s69iu8v0oiejfej094b/gradle-2.2.1/lib/plugins/servlet-api-2.5-20081211.jar
63057000-6305b000 r--s 00028000 08:01 5768952    /home/ggalia84/.gradle/wrapper/dists/gradle-2.2.1-all/2m8005s69iu8v0oiejfej094b/gradle-2.2.1/lib/plugins/jetty-util-6.1.25.jar
6305b000-63062000 r--s 0007d000 08:01 5768951    /home/ggalia84/.gradle/wrapper/dists/gradle-2.2.1-all/2m8005s69iu8v0oiejfej094b/gradle-2.2.1/lib/plugins/jetty-6.1.25.jar
63062000-63064000 r--s 00009000 08:01 5768918    /home/ggalia84/.gradle/wrapper/dists/gradle-2.2.1-all/2m8005s69iu8v0oiejfej094b/gradle-2.2.1/lib/plugins/gradle-jetty-2.2.1.jar
63064000-63069000 r--s 00041000 08:01 5768917    /home/ggalia84/.gradle/wrapper/dists/gradle-2.2.1-all/2m8005s69iu8v0oiejfej094b/gradle-2.2.1/lib/plugins/gradle-code-quality-2.2.1.jar
63069000-6306b000 r--s 00009000 08:01 5768989    /home/ggalia84/.gradle/wrapper/dists/gradle-2.2.1-all/2m8005s69iu8v0oiejfej094b/gradle-2.2.1/lib/plugins/hamcrest-core-1.3.jar
6306b000-63071000 r--s 00033000 08:01 5768978    /home/ggalia84/.gradle/wrapper/dists/gradle-2.2.1-all/2m8005s69iu8v0oiejfej094b/gradle-2.2.1/lib/plugins/snakeyaml-1.6.jar
63071000-63073000 r--s 00006000 08:01 5768977    /home/ggalia84/.gradle/wrapper/dists/gradle-2.2.1-all/2m8005s69iu8v0oiejfej094b/gradle-2.2.1/lib/plugins/jcommander-1.12.jar
63073000-63078000 r--s 00040000 08:01 5768976    /home/ggalia84/.gradle/wrapper/dists/gradle-2.2.1-all/2m8005s69iu8v0oiejfej094b/gradle-2.2.1/lib/plugins/bsh-2.0b4.jar
63078000-6307a000 r--s 00009000 08:01 5768950    /home/ggalia84/.gradle/wrapper/dists/gradle-2.2.1-all/2m8005s69iu8v0oiejfej094b/gradle-2.2.1/lib/plugins/commons-cli-1.2.jar
6307a000-63083000 r--s 00089000 08:01 5768949    /home/ggalia84/.gradle/wrapper/dists/gradle-2.2.1-all/2m8005s69iu8v0oiejfej094b/gradle-2.2.1/lib/plugins/testng-6.3.1.jar
63083000-63089000 r--s 00036000 08:01 5768948    /home/ggalia84/.gradle/wrapper/dists/gradle-2.2.1-all/2m8005s69iu8v0oiejfej094b/gradle-2.2.1/lib/plugins/junit-4.11.jar
63089000-63095000 r--s 00075000 08:01 5768916    /home/ggalia84/.gradle/wrapper/dists/gradle-2.2.1-all/2m8005s69iu8v0oiejfej094b/gradle-2.2.1/lib/plugins/gradle-plugins-2.2.1.jar
63095000-63098000 r--s 00011000 08:01 5768946    /home/ggalia84/.gradle/wrapper/dists/gradle-2.2.1-all/2m8005s69iu8v0oiejfej094b/gradle-2.2.1/lib/plugins/gradle-plugin-use-2.2.1.jar
63098000-630b0000 r--s 00115000 08:01 5768987    /home/ggalia84/.gradle/wrapper/dists/gradle-2.2.1-all/2m8005s69iu8v0oiejfej094b/gradle-2.2.1/lib/plugins/xercesImpl-2.9.1.jar
630b0000-630b8000 r--s 00028000 08:01 5768988    /home/ggalia84/.gradle/wrapper/dists/gradle-2.2.1-all/2m8005s69iu8v0oiejfej094b/gradle-2.2.1/lib/plugins/xml-apis-1.3.04.jar
630b8000-630be000 r--s 0005b000 08:01 5768986    /home/ggalia84/.gradle/wrapper/dists/gradle-2.2.1-all/2m8005s69iu8v0oiejfej094b/gradle-2.2.1/lib/plugins/jcifs-1.3.17.jar
630be000-630c4000 r--s 00031000 08:01 5768985    /home/ggalia84/.gradle/wrapper/dists/gradle-2.2.1-all/2m8005s69iu8v0oiejfej094b/gradle-2.2.1/lib/plugins/httpcore-4.2.2.jar
630c4000-630ca000 r--s 00033000 08:01 5768984    /home/ggalia84/.gradle/wrapper/dists/gradle-2.2.1-all/2m8005s69iu8v0oiejfej094b/gradle-2.2.1/lib/plugins/commons-codec-1.6.jar
630ca000-630cd000 r--s 0001c000 08:01 5768983    /home/ggalia84/.gradle/wrapper/dists/gradle-2.2.1-all/2m8005s69iu8v0oiejfej094b/gradle-2.2.1/lib/plugins/nekohtml-1.9.14.jar
630cd000-630d6000 r--s 00060000 08:01 5768982    /home/ggalia84/.gradle/wrapper/dists/gradle-2.2.1-all/2m8005s69iu8v0oiejfej094b/gradle-2.2.1/lib/plugins/httpclient-4.2.2.jar
630d6000-630d8000 r--s 00007000 08:01 5768971    /home/ggalia84/.gradle/wrapper/dists/gradle-2.2.1-all/2m8005s69iu8v0oiejfej094b/gradle-2.2.1/lib/plugins/gradle-resources-http-2.2.1.jar
630d8000-63100000 r--s 00194000 08:01 5768975    /home/ggalia84/.gradle/wrapper/dists/gradle-2.2.1-all/2m8005s69iu8v0oiejfej094b/gradle-2.2.1/lib/plugins/bcprov-jdk15-1.46.jar
63100000-631ff000 rw-p 00000000 00:00 0 
631ff000-63200000 ---p 00000000 00:00 0 
63200000-63300000 rw-p 00000000 00:00 0 
63300000-63400000 rw-p 00000000 00:00 0 
63400000-634fb000 rw-p 00000000 00:00 0 
634fb000-63500000 ---p 00000000 00:00 0 
63500000-63504000 r--s 0001d000 08:01 5768974    /home/ggalia84/.gradle/wrapper/dists/gradle-2.2.1-all/2m8005s69iu8v0oiejfej094b/gradle-2.2.1/lib/plugins/xbean-reflect-3.4.jar
63504000-63509000 r--s 0002a000 08:01 5768968    /home/ggalia84/.gradle/wrapper/dists/gradle-2.2.1-all/2m8005s69iu8v0oiejfej094b/gradle-2.2.1/lib/plugins/gson-2.2.4.jar
63509000-6350d000 r--s 0003d000 08:01 5768973    /home/ggalia84/.gradle/wrapper/dists/gradle-2.2.1-all/2m8005s69iu8v0oiejfej094b/gradle-2.2.1/lib/plugins/jsch-0.1.51.jar
6350d000-63526000 r--s 00129000 08:01 5768961    /home/ggalia84/.gradle/wrapper/dists/gradle-2.2.1-all/2m8005s69iu8v0oiejfej094b/gradle-2.2.1/lib/plugins/maven-ant-tasks-2.1.3.jar
63526000-63535000 r--s 000d9000 08:01 5768972    /home/ggalia84/.gradle/wrapper/dists/gradle-2.2.1-all/2m8005s69iu8v0oiejfej094b/gradle-2.2.1/lib/plugins/ivy-2.2.0.jar
63535000-63539000 r--s 0001e000 08:01 5768915    /home/ggalia84/.gradle/wrapper/dists/gradle-2.2.1-all/2m8005s69iu8v0oiejfej094b/gradle-2.2.1/lib/plugins/jarjar-aether-impl-1.13.1.jar
63539000-6353c000 r--s 00027000 08:01 5768914    /home/ggalia84/.gradle/wrapper/dists/gradle-2.2.1-all/2m8005s69iu8v0oiejfej094b/gradle-2.2.1/lib/plugins/jarjar-maven-model-3.0.4.jar
6353c000-6353f000 r--s 0000b000 08:01 5768913    /home/ggalia84/.gradle/wrapper/dists/gradle-2.2.1-all/2m8005s69iu8v0oiejfej094b/gradle-2.2.1/lib/plugins/jarjar-maven-artifact-3.0.4.jar
6353f000-63543000 r--s 0001e000 08:01 5768912    /home/ggalia84/.gradle/wrapper/dists/gradle-2.2.1-all/2m8005s69iu8v0oiejfej094b/gradle-2.2.1/lib/plugins/jarjar-aether-util-1.13.1.jar
63543000-63545000 r--s 00007000 08:01 5768911    /home/ggalia84/.gradle/wrapper/dists/gradle-2.2.1-all/2m8005s69iu8v0oiejfej094b/gradle-2.2.1/lib/plugins/jarjar-wagon-http-shared4-2.4.jar
63545000-63552000 r--s 00083000 08:01 5768910    /home/ggalia84/.gradle/wrapper/dists/gradle-2.2.1-all/2m8005s69iu8v0oiejfej094b/gradle-2.2.1/lib/plugins/jarjar-maven-core-3.0.4.jar
63552000-63554000 r--s 00003000 08:01 5768909    /home/ggalia84/.gradle/wrapper/dists/gradle-2.2.1-all/2m8005s69iu8v0oiejfej094b/gradle-2.2.1/lib/plugins/jarjar-aether-spi-1.13.1.jar
63554000-63556000 r--s 00009000 08:01 5768908    /home/ggalia84/.gradle/wrapper/dists/gradle-2.2.1-all/2m8005s69iu8v0oiejfej094b/gradle-2.2.1/lib/plugins/jarjar-maven-settings-builder-3.0.4.jar
63556000-6355a000 r--s 00014000 08:01 5768907    /home/ggalia84/.gradle/wrapper/dists/gradle-2.2.1-all/2m8005s69iu8v0oiejfej094b/gradle-2.2.1/lib/plugins/jarjar-aether-api-1.13.1.jar
6355a000-6355b000 r--s 00002000 08:01 5768906    /home/ggalia84/.gradle/wrapper/dists/gradle-2.2.1-all/2m8005s69iu8v0oiejfej094b/gradle-2.2.1/lib/plugins/jarjar-wagon-http-2.4.jar
6355b000-63562000 r--s 00042000 08:01 5768905    /home/ggalia84/.gradle/wrapper/dists/gradle-2.2.1-all/2m8005s69iu8v0oiejfej094b/gradle-2.2.1/lib/plugins/jarjar-maven-compat-3.0.4.jar
63562000-63564000 r--s 00006000 08:01 5768904    /home/ggalia84/.gradle/wrapper/dists/gradle-2.2.1-all/2m8005s69iu8v0oiejfej094b/gradle-2.2.1/lib/plugins/jarjar-aether-connector-wagon-1.13.1.jar
63564000-63566000 r--s 00000000 08:01 5768903    /home/ggalia84/.gradle/wrapper/dists/gradle-2.2.1-all/2m8005s69iu8v0oiejfej094b/gradle-2.2.1/lib/plugins/jarjar-plexus-component-annotations-1.5.5.jar
63566000-63568000 r--s 00006000 08:01 5768902    /home/ggalia84/.gradle/wrapper/dists/gradle-2.2.1-all/2m8005s69iu8v0oiejfej094b/gradle-2.2.1/lib/plugins/jarjar-plexus-sec-dispatcher-1.3.jar
63568000-6356d000 r--s 00022000 08:01 5768901    /home/ggalia84/.gradle/wrapper/dists/gradle-2.2.1-all/2m8005s69iu8v0oiejfej094b/gradle-2.2.1/lib/plugins/jarjar-maven-model-builder-3.0.4.jar
6356d000-6356f000 r--s 0000b000 08:01 5768900    /home/ggalia84/.gradle/wrapper/dists/gradle-2.2.1-all/2m8005s69iu8v0oiejfej094b/gradle-2.2.1/lib/plugins/jarjar-maven-plugin-api-3.0.4.jar
6356f000-63572000 r--s 0000a000 08:01 5768899    /home/ggalia84/.gradle/wrapper/dists/gradle-2.2.1-all/2m8005s69iu8v0oiejfej094b/gradle-2.2.1/lib/plugins/jarjar-plexus-classworlds-2.4.jar
63572000-63576000 r--s 00035000 08:01 5768898    /home/ggalia84/.gradle/wrapper/dists/gradle-2.2.1-all/2m8005s69iu8v0oiejfej094b/gradle-2.2.1/lib/plugins/jarjar-plexus-utils-2.0.6.jar
63576000-63578000 r--s 0000e000 08:01 5768897    /home/ggalia84/.gradle/wrapper/dists/gradle-2.2.1-all/2m8005s69iu8v0oiejfej094b/gradle-2.2.1/lib/plugins/jarjar-plexus-interpolation-1.14.jar
63578000-6357a000 r--s 00002000 08:01 5768896    /home/ggalia84/.gradle/wrapper/dists/gradle-2.2.1-all/2m8005s69iu8v0oiejfej094b/gradle-2.2.1/lib/plugins/jarjar-plexus-cipher-1.7.jar
6357a000-6357c000 r--s 0000c000 08:01 5768895    /home/ggalia84/.gradle/wrapper/dists/gradle-2.2.1-all/2m8005s69iu8v0oiejfej094b/gradle-2.2.1/lib/plugins/jarjar-wagon-provider-api-2.4.jar
6357c000-6357e000 r--s 0000d000 08:01 5768894    /home/ggalia84/.gradle/wrapper/dists/gradle-2.2.1-all/2m8005s69iu8v0oiejfej094b/gradle-2.2.1/lib/plugins/jarjar-maven-aether-provider-3.0.4.jar
6357e000-63586000 r--s 00031000 08:01 5768893    /home/ggalia84/.gradle/wrapper/dists/gradle-2.2.1-all/2m8005s69iu8v0oiejfej094b/gradle-2.2.1/lib/plugins/jarjar-plexus-container-default-1.5.5.jar
63586000-63587000 r--s 00007000 08:01 5768892    /home/ggalia84/.gradle/wrapper/dists/gradle-2.2.1-all/2m8005s69iu8v0oiejfej094b/gradle-2.2.1/lib/plugins/jarjar-maven-repository-metadata-3.0.4.jar
63587000-63588000 r--s 0000b000 08:01 5768891    /home/ggalia84/.gradle/wrapper/dists/gradle-2.2.1-all/2m8005s69iu8v0oiejfej094b/gradle-2.2.1/lib/plugins/jarjar-maven-settings-3.0.4.jar
63588000-635a0000 r--s 000b5000 08:01 5768947    /home/ggalia84/.gradle/wrapper/dists/gradle-2.2.1-all/2m8005s69iu8v0oiejfej094b/gradle-2.2.1/lib/plugins/gradle-dependency-management-2.2.1.jar
635a0000-635a7000 r--s 00000000 08:01 7347816    /usr/lib/i386-linux-gnu/gconv/gconv-modules.cache
635a7000-635cd000 r--p 00000000 08:01 8676345    /usr/share/locale-langpack/es/LC_MESSAGES/libc.mo
635cd000-635ce000 r--s 00005000 08:01 5767284    /home/ggalia84/.gradle/wrapper/dists/gradle-2.2.1-all/2m8005s69iu8v0oiejfej094b/gradle-2.2.1/lib/gradle-wrapper-2.2.1.jar
635ce000-635d7000 r--s 0002c000 08:01 5767289    /home/ggalia84/.gradle/wrapper/dists/gradle-2.2.1-all/2m8005s69iu8v0oiejfej094b/gradle-2.2.1/lib/gradle-tooling-api-2.2.1.jar
635d7000-635d9000 r--s 00002000 08:01 5767313    /home/ggalia84/.gradle/wrapper/dists/gradle-2.2.1-all/2m8005s69iu8v0oiejfej094b/gradle-2.2.1/lib/gradle-open-api-2.2.1.jar
635d9000-635df000 r--s 00032000 08:01 5767315    /home/ggalia84/.gradle/wrapper/dists/gradle-2.2.1-all/2m8005s69iu8v0oiejfej094b/gradle-2.2.1/lib/jaxen-1.1.jar
635df000-635e4000 r--s 00048000 08:01 5767314    /home/ggalia84/.gradle/wrapper/dists/gradle-2.2.1-all/2m8005s69iu8v0oiejfej094b/gradle-2.2.1/lib/dom4j-1.6.1.jar
635e4000-635ef000 r--s 00059000 08:01 5767288    /home/ggalia84/.gradle/wrapper/dists/gradle-2.2.1-all/2m8005s69iu8v0oiejfej094b/gradle-2.2.1/lib/gradle-ui-2.2.1.jar
635ef000-635f1000 r--s 00006000 08:01 5767309    /home/ggalia84/.gradle/wrapper/dists/gradle-2.2.1-all/2m8005s69iu8v0oiejfej094b/gradle-2.2.1/lib/gradle-resources-2.2.1.jar
635f1000-635f3000 r--s 00007000 08:01 5768889    /home/ggalia84/.gradle/wrapper/dists/gradle-2.2.1-all/2m8005s69iu8v0oiejfej094b/gradle-2.2.1/lib/objenesis-1.2.jar
635f3000-635f5000 r--s 00000000 08:01 5768888    /home/ggalia84/.gradle/wrapper/dists/gradle-2.2.1-all/2m8005s69iu8v0oiejfej094b/gradle-2.2.1/lib/minlog-1.2.jar
635f5000-635f7000 r--s 0000f000 08:01 5768887    /home/ggalia84/.gradle/wrapper/dists/gradle-2.2.1-all/2m8005s69iu8v0oiejfej094b/gradle-2.2.1/lib/reflectasm-1.07-shaded.jar
635f7000-63600000 r--s 00039000 08:01 5767308    /home/ggalia84/.gradle/wrapper/dists/gradle-2.2.1-all/2m8005s69iu8v0oiejfej094b/gradle-2.2.1/lib/gradle-messaging-2.2.1.jar
63600000-636ff000 rw-p 00000000 00:00 0 
636ff000-63700000 ---p 00000000 00:00 0 
63700000-63704000 r--s 00026000 08:01 5767320    /home/ggalia84/.gradle/wrapper/dists/gradle-2.2.1-all/2m8005s69iu8v0oiejfej094b/gradle-2.2.1/lib/kryo-2.20.jar
63704000-63705000 r--s 00003000 08:01 5768785    /home/ggalia84/.gradle/wrapper/dists/gradle-2.2.1-all/2m8005s69iu8v0oiejfej094b/gradle-2.2.1/lib/native-platform-freebsd-amd64-0.10.jar
63705000-63706000 r--s 00003000 08:01 5767327    /home/ggalia84/.gradle/wrapper/dists/gradle-2.2.1-all/2m8005s69iu8v0oiejfej094b/gradle-2.2.1/lib/native-platform-freebsd-i386-0.10.jar
63706000-63707000 r--s 00005000 08:01 5767326    /home/ggalia84/.gradle/wrapper/dists/gradle-2.2.1-all/2m8005s69iu8v0oiejfej094b/gradle-2.2.1/lib/native-platform-windows-i386-0.10.jar
63707000-63708000 r--s 00005000 08:01 5767325    /home/ggalia84/.gradle/wrapper/dists/gradle-2.2.1-all/2m8005s69iu8v0oiejfej094b/gradle-2.2.1/lib/native-platform-windows-amd64-0.10.jar
63708000-63709000 r--s 00003000 08:01 5767324    /home/ggalia84/.gradle/wrapper/dists/gradle-2.2.1-all/2m8005s69iu8v0oiejfej094b/gradle-2.2.1/lib/native-platform-linux-i386-0.10.jar
63709000-6370a000 r--s 00003000 08:01 5767323    /home/ggalia84/.gradle/wrapper/dists/gradle-2.2.1-all/2m8005s69iu8v0oiejfej094b/gradle-2.2.1/lib/native-platform-linux-amd64-0.10.jar
6370a000-6370b000 r--s 00002000 08:01 5767322    /home/ggalia84/.gradle/wrapper/dists/gradle-2.2.1-all/2m8005s69iu8v0oiejfej094b/gradle-2.2.1/lib/native-platform-osx-amd64-0.10.jar
6370b000-6370c000 r--s 00002000 08:01 5767321    /home/ggalia84/.gradle/wrapper/dists/gradle-2.2.1-all/2m8005s69iu8v0oiejfej094b/gradle-2.2.1/lib/native-platform-osx-i386-0.10.jar
6370c000-6370e000 r--s 00008000 08:01 5767318    /home/ggalia84/.gradle/wrapper/dists/gradle-2.2.1-all/2m8005s69iu8v0oiejfej094b/gradle-2.2.1/lib/jansi-1.2.1.jar
6370e000-63711000 r--s 0000d000 08:01 5767317    /home/ggalia84/.gradle/wrapper/dists/gradle-2.2.1-all/2m8005s69iu8v0oiejfej094b/gradle-2.2.1/lib/native-platform-0.10.jar
63711000-63715000 r--s 000e4000 08:01 5767316    /home/ggalia84/.gradle/wrapper/dists/gradle-2.2.1-all/2m8005s69iu8v0oiejfej094b/gradle-2.2.1/lib/jna-3.2.7.jar
63715000-63717000 r--s 00008000 08:01 5767290    /home/ggalia84/.gradle/wrapper/dists/gradle-2.2.1-all/2m8005s69iu8v0oiejfej094b/gradle-2.2.1/lib/gradle-native-2.2.1.jar
63717000-63719000 r--s 00005000 08:01 5767287    /home/ggalia84/.gradle/wrapper/dists/gradle-2.2.1-all/2m8005s69iu8v0oiejfej094b/gradle-2.2.1/lib/gradle-cli-2.2.1.jar
63719000-6371b000 r--s 00003000 08:01 5767307    /home/ggalia84/.gradle/wrapper/dists/gradle-2.2.1-all/2m8005s69iu8v0oiejfej094b/gradle-2.2.1/lib/gradle-base-services-groovy-2.2.1.jar
6371b000-6371d000 r--s 0000a000 08:01 5767295    /home/ggalia84/.gradle/wrapper/dists/gradle-2.2.1-all/2m8005s69iu8v0oiejfej094b/gradle-2.2.1/lib/gradle-model-groovy-2.2.1.jar
6371d000-63721000 r--s 0001b000 08:01 5767294    /home/ggalia84/.gradle/wrapper/dists/gradle-2.2.1-all/2m8005s69iu8v0oiejfej094b/gradle-2.2.1/lib/gradle-model-core-2.2.1.jar
63721000-63722000 r--s 00000000 08:01 5767310    /home/ggalia84/.gradle/wrapper/dists/gradle-2.2.1-all/2m8005s69iu8v0oiejfej094b/gradle-2.2.1/lib/gradle-docs-2.2.1.jar
63722000-63724000 r--s 00003000 08:01 5767312    /home/ggalia84/.gradle/wrapper/dists/gradle-2.2.1-all/2m8005s69iu8v0oiejfej094b/gradle-2.2.1/lib/jcl-over-slf4j-1.7.7.jar
63724000-63727000 r--s 0001b000 08:01 5767305    /home/ggalia84/.gradle/wrapper/dists/gradle-2.2.1-all/2m8005s69iu8v0oiejfej094b/gradle-2.2.1/lib/jarjar-1.3.jar
63727000-63731000 r--s 0005d000 08:01 5767301    /home/ggalia84/.gradle/wrapper/dists/gradle-2.2.1-all/2m8005s69iu8v0oiejfej094b/gradle-2.2.1/lib/logback-core-1.0.13.jar
63731000-6373f000 r--s 0007f000 08:01 5767298    /home/ggalia84/.gradle/wrapper/dists/gradle-2.2.1-all/2m8005s69iu8v0oiejfej094b/gradle-2.2.1/lib/commons-collections-3.2.1.jar
6373f000-637aa000 r--s 00685000 08:01 5767293    /home/ggalia84/.gradle/wrapper/dists/gradle-2.2.1-all/2m8005s69iu8v0oiejfej094b/gradle-2.2.1/lib/groovy-all-2.3.6.jar
637aa000-637ab000 ---p 00000000 00:00 0 
637ab000-6382b000 rw-p 00000000 00:00 0          [stack:6797]
6382b000-6382e000 ---p 00000000 00:00 0 
6382e000-6387c000 rw-p 00000000 00:00 0          [stack:6796]
6387c000-6387f000 ---p 00000000 00:00 0 
6387f000-638fd000 rw-p 00000000 00:00 0          [stack:6795]
638fd000-63900000 ---p 00000000 00:00 0 
63900000-6397e000 rw-p 00000000 00:00 0          [stack:6794]
6397e000-63981000 ---p 00000000 00:00 0 
63981000-639cf000 rw-p 00000000 00:00 0          [stack:6793]
639cf000-63b00000 r--p 005e3000 08:01 7349077    /usr/lib/locale/locale-archive
63b00000-63d00000 r--p 00000000 08:01 7349077    /usr/lib/locale/locale-archive
63d00000-63e00000 rw-p 00000000 00:00 0 
63e00000-63e02000 r--s 00000000 08:01 5767304    /home/ggalia84/.gradle/wrapper/dists/gradle-2.2.1-all/2m8005s69iu8v0oiejfej094b/gradle-2.2.1/lib/jul-to-slf4j-1.7.7.jar
63e02000-63e08000 r--s 0003b000 08:01 5767302    /home/ggalia84/.gradle/wrapper/dists/gradle-2.2.1-all/2m8005s69iu8v0oiejfej094b/gradle-2.2.1/lib/logback-classic-1.0.13.jar
63e08000-63e0d000 r--s 00041000 08:01 5767300    /home/ggalia84/.gradle/wrapper/dists/gradle-2.2.1-all/2m8005s69iu8v0oiejfej094b/gradle-2.2.1/lib/commons-lang-2.6.jar
63e0d000-63e12000 r--s 00036000 08:01 5767296    /home/ggalia84/.gradle/wrapper/dists/gradle-2.2.1-all/2m8005s69iu8v0oiejfej094b/gradle-2.2.1/lib/asm-all-5.0.3.jar
63e12000-63e3a000 r--s 001cf000 08:01 5767292    /home/ggalia84/.gradle/wrapper/dists/gradle-2.2.1-all/2m8005s69iu8v0oiejfej094b/gradle-2.2.1/lib/guava-jdk5-17.0.jar
63e3a000-63e3d000 ---p 00000000 00:00 0 
63e3d000-63e8b000 rw-p 00000000 00:00 0          [stack:6792]
63e8b000-63e8e000 ---p 00000000 00:00 0 
63e8e000-63edc000 rw-p 00000000 00:00 0          [stack:6791]
63edc000-640b4000 r--s 03d17000 08:01 1837139    /usr/share/jdk1.8.0_60/jre/lib/rt.jar
640b4000-66900000 rw-p 00000000 00:00 0 
66900000-669fe000 rw-p 00000000 00:00 0 
669fe000-66a00000 ---p 00000000 00:00 0 
66a00000-66a01000 r--s 00005000 08:01 5767311    /home/ggalia84/.gradle/wrapper/dists/gradle-2.2.1-all/2m8005s69iu8v0oiejfej094b/gradle-2.2.1/lib/log4j-over-slf4j-1.7.7.jar
66a01000-66a20000 r--s 001cc000 08:01 5767297    /home/ggalia84/.gradle/wrapper/dists/gradle-2.2.1-all/2m8005s69iu8v0oiejfej094b/gradle-2.2.1/lib/ant-1.9.3.jar
66a20000-66a2a000 r--s 00116000 08:01 1837142    /usr/share/jdk1.8.0_60/jre/lib/ext/localedata.jar
66a2a000-66a30000 r--s 00026000 08:01 5767285    /home/ggalia84/.gradle/wrapper/dists/gradle-2.2.1-all/2m8005s69iu8v0oiejfej094b/gradle-2.2.1/lib/gradle-base-services-2.2.1.jar
66a30000-66a31000 ---p 00000000 00:00 0 
66a31000-66b00000 rw-p 00000000 00:00 0          [stack:6790]
66b00000-66c00000 rw-p 00000000 00:00 0 
66c00000-66c03000 r--s 00018000 08:01 5767299    /home/ggalia84/.gradle/wrapper/dists/gradle-2.2.1-all/2m8005s69iu8v0oiejfej094b/gradle-2.2.1/lib/commons-io-1.4.jar
66c03000-66c05000 r--s 00006000 08:01 5767291    /home/ggalia84/.gradle/wrapper/dists/gradle-2.2.1-all/2m8005s69iu8v0oiejfej094b/gradle-2.2.1/lib/slf4j-api-1.7.7.jar
66c05000-66c36000 r--s 00191000 08:01 5767286    /home/ggalia84/.gradle/wrapper/dists/gradle-2.2.1-all/2m8005s69iu8v0oiejfej094b/gradle-2.2.1/lib/gradle-core-2.2.1.jar
66c36000-66cd7000 rw-p 00000000 00:00 0 
66cd7000-66dff000 ---p 00000000 00:00 0 
66dff000-66e2d000 rw-p 00000000 00:00 0 
66e2d000-66f54000 ---p 00000000 00:00 0 
66f54000-66fdc000 rw-p 00000000 00:00 0 
66fdc000-66fff000 ---p 00000000 00:00 0 
66fff000-6ca40000 rw-p 00000000 00:00 0 
6ca40000-91ac0000 ---p 00000000 00:00 0 
91ac0000-a2880000 rw-p 00000000 00:00 0 
a59e3000-a5b80000 rw-p 00000000 00:00 0 
a5b80000-a7000000 ---p 00000000 00:00 0 
a7000000-a7008000 r--s 0003c000 08:01 5767283    /home/ggalia84/.gradle/wrapper/dists/gradle-2.2.1-all/2m8005s69iu8v0oiejfej094b/gradle-2.2.1/lib/gradle-launcher-2.2.1.jar
a7008000-a7009000 ---p 00000000 00:00 0 
a7009000-a7089000 rw-p 00000000 00:00 0          [stack:6789]
a7089000-a708a000 ---p 00000000 00:00 0 
a708a000-a7157000 rw-p 00000000 00:00 0          [stack:6788]
a7157000-a74ca000 ---p 00000000 00:00 0 
a74ca000-a87f2000 rwxp 00000000 00:00 0 
a87f2000-b64ca000 ---p 00000000 00:00 0 
b64ca000-b64d6000 r-xp 00000000 08:01 6554812    /lib/i386-linux-gnu/libnss_files-2.21.so
b64d6000-b64d7000 r--p 0000b000 08:01 6554812    /lib/i386-linux-gnu/libnss_files-2.21.so
b64d7000-b64d8000 rw-p 0000c000 08:01 6554812    /lib/i386-linux-gnu/libnss_files-2.21.so
b64d8000-b64e3000 r-xp 00000000 08:01 6554822    /lib/i386-linux-gnu/libnss_nis-2.21.so
b64e3000-b64e4000 r--p 0000a000 08:01 6554822    /lib/i386-linux-gnu/libnss_nis-2.21.so
b64e4000-b64e5000 rw-p 0000b000 08:01 6554822    /lib/i386-linux-gnu/libnss_nis-2.21.so
b64e5000-b64fc000 r-xp 00000000 08:01 6554806    /lib/i386-linux-gnu/libnsl-2.21.so
b64fc000-b64fd000 r--p 00016000 08:01 6554806    /lib/i386-linux-gnu/libnsl-2.21.so
b64fd000-b64fe000 rw-p 00017000 08:01 6554806    /lib/i386-linux-gnu/libnsl-2.21.so
b64fe000-b6500000 rw-p 00000000 00:00 0 
b6500000-b65f9000 rw-p 00000000 00:00 0 
b65f9000-b6600000 ---p 00000000 00:00 0 
b6600000-b6601000 r--s 00000000 08:01 5767306    /home/ggalia84/.gradle/wrapper/dists/gradle-2.2.1-all/2m8005s69iu8v0oiejfej094b/gradle-2.2.1/lib/javax.inject-1.jar
b6601000-b661a000 r-xp 00000000 08:01 1837214    /usr/share/jdk1.8.0_60/jre/lib/i386/libzip.so
b661a000-b661b000 rw-p 00019000 08:01 1837214    /usr/share/jdk1.8.0_60/jre/lib/i386/libzip.so
b661b000-b6623000 rw-s 00000000 08:01 5786667    /tmp/hsperfdata_ggalia84/6784
b6623000-b6647000 r-xp 00000000 08:01 1837183    /usr/share/jdk1.8.0_60/jre/lib/i386/libjava.so
b6647000-b6648000 rw-p 00023000 08:01 1837183    /usr/share/jdk1.8.0_60/jre/lib/i386/libjava.so
b6648000-b664f000 r-xp 00000000 08:01 6554867    /lib/i386-linux-gnu/librt-2.21.so
b664f000-b6650000 r--p 00006000 08:01 6554867    /lib/i386-linux-gnu/librt-2.21.so
b6650000-b6651000 rw-p 00007000 08:01 6554867    /lib/i386-linux-gnu/librt-2.21.so
b6651000-b6654000 ---p 00000000 00:00 0 
b6654000-b66a2000 rw-p 00000000 00:00 0          [stack:6787]
b66a2000-b66ed000 r-xp 00000000 08:01 6554785    /lib/i386-linux-gnu/libm-2.21.so
b66ed000-b66ee000 r--p 0004a000 08:01 6554785    /lib/i386-linux-gnu/libm-2.21.so
b66ee000-b66ef000 rw-p 0004b000 08:01 6554785    /lib/i386-linux-gnu/libm-2.21.so
b66ef000-b706f000 r-xp 00000000 08:01 1837197    /usr/share/jdk1.8.0_60/jre/lib/i386/server/libjvm.so
b706f000-b70dc000 rw-p 00980000 08:01 1837197    /usr/share/jdk1.8.0_60/jre/lib/i386/server/libjvm.so
b70dc000-b7502000 rw-p 00000000 00:00 0 
b7502000-b76b6000 r-xp 00000000 08:01 6554726    /lib/i386-linux-gnu/libc-2.21.so
b76b6000-b76b9000 r--p 001b3000 08:01 6554726    /lib/i386-linux-gnu/libc-2.21.so
b76b9000-b76bb000 rw-p 001b6000 08:01 6554726    /lib/i386-linux-gnu/libc-2.21.so
b76bb000-b76bd000 rw-p 00000000 00:00 0 
b76bd000-b76c0000 r-xp 00000000 08:01 6554743    /lib/i386-linux-gnu/libdl-2.21.so
b76c0000-b76c1000 r--p 00002000 08:01 6554743    /lib/i386-linux-gnu/libdl-2.21.so
b76c1000-b76c2000 rw-p 00003000 08:01 6554743    /lib/i386-linux-gnu/libdl-2.21.so
b76c2000-b76c3000 rw-p 00000000 00:00 0 
b76c3000-b76d7000 r-xp 00000000 08:01 9313678    /usr/share/jdk1.8.0_60/lib/i386/jli/libjli.so
b76d7000-b76d8000 rw-p 00014000 08:01 9313678    /usr/share/jdk1.8.0_60/lib/i386/jli/libjli.so
b76d8000-b76f1000 r-xp 00000000 08:01 6554859    /lib/i386-linux-gnu/libpthread-2.21.so
b76f1000-b76f2000 r--p 00018000 08:01 6554859    /lib/i386-linux-gnu/libpthread-2.21.so
b76f2000-b76f3000 rw-p 00019000 08:01 6554859    /lib/i386-linux-gnu/libpthread-2.21.so
b76f3000-b76f5000 rw-p 00000000 00:00 0 
b76f5000-b76f6000 r--s 00000000 08:01 5767303    /home/ggalia84/.gradle/wrapper/dists/gradle-2.2.1-all/2m8005s69iu8v0oiejfej094b/gradle-2.2.1/lib/jcip-annotations-1.0.jar
b76f6000-b76f7000 r--s 00004000 08:01 5767319    /home/ggalia84/.gradle/wrapper/dists/gradle-2.2.1-all/2m8005s69iu8v0oiejfej094b/gradle-2.2.1/lib/ant-launcher-1.9.3.jar
b76f7000-b76f8000 r--p 0084c000 08:01 7349077    /usr/lib/locale/locale-archive
b76f8000-b7700000 r-xp 00000000 08:01 6554808    /lib/i386-linux-gnu/libnss_compat-2.21.so
b7700000-b7701000 r--p 00007000 08:01 6554808    /lib/i386-linux-gnu/libnss_compat-2.21.so
b7701000-b7702000 rw-p 00008000 08:01 6554808    /lib/i386-linux-gnu/libnss_compat-2.21.so
b7702000-b7703000 rw-p 00000000 00:00 0 
b7703000-b7704000 ---p 00000000 00:00 0 
b7704000-b770f000 r-xp 00000000 08:01 1837251    /usr/share/jdk1.8.0_60/jre/lib/i386/libverify.so
b770f000-b7710000 rw-p 0000b000 08:01 1837251    /usr/share/jdk1.8.0_60/jre/lib/i386/libverify.so
b7710000-b7712000 rw-p 00000000 00:00 0 
b7712000-b7714000 r--p 00000000 00:00 0          [vvar]
b7714000-b7715000 r-xp 00000000 00:00 0          [vdso]
b7715000-b7737000 r-xp 00000000 08:01 6554698    /lib/i386-linux-gnu/ld-2.21.so
b7737000-b7738000 r--p 00021000 08:01 6554698    /lib/i386-linux-gnu/ld-2.21.so
b7738000-b7739000 rw-p 00022000 08:01 6554698    /lib/i386-linux-gnu/ld-2.21.so
bfc0e000-bfc0f000 rwxp 00000000 00:00 0 
bfc40000-bfc62000 rw-p 00000000 00:00 0          [stack]

VM Arguments:
jvm_args: -XX:MaxPermSize=256m -XX:+HeapDumpOnOutOfMemoryError -Xmx1024m -Dfile.encoding=UTF-8 -Duser.country=ES -Duser.language=es -Duser.variant 
java_command: org.gradle.launcher.daemon.bootstrap.GradleDaemon 2.2.1 /home/ggalia84/.gradle/daemon 10800000 40d88217-95df-4cb3-bf51-4a0b7da362a4 -XX:MaxPermSize=256m -XX:+HeapDumpOnOutOfMemoryError -Xmx1024m -Dfile.encoding=UTF-8 -Duser.country=ES -Duser.language=es -Duser.variant
java_class_path (initial): /home/ggalia84/.gradle/wrapper/dists/gradle-2.2.1-all/2m8005s69iu8v0oiejfej094b/gradle-2.2.1/lib/gradle-launcher-2.2.1.jar
Launcher Type: SUN_STANDARD

Environment Variables:
JAVA_HOME=/usr/share/jdk1.8.0_60/
PATH=/usr/local/sbin:/usr/local/bin:/usr/sbin:/usr/bin:/sbin:/bin:/usr/games:/usr/local/games:/home/ggalia84/android-sdk-linux/tools:/home/ggalia84/android-sdk-linux/platform-tools:/home/ggalia84/genymotion:/home/ggalia84/.composer/vendor/bin
SHELL=/bin/bash
DISPLAY=:0

Signal Handlers:
SIGSEGV: [libjvm.so+0x8cdb80], sa_mask[0]=11111111011111111101111111111110, sa_flags=SA_RESTART|SA_SIGINFO
SIGBUS: [libjvm.so+0x8cdb80], sa_mask[0]=11111111011111111101111111111110, sa_flags=SA_RESTART|SA_SIGINFO
SIGFPE: [libjvm.so+0x74db00], sa_mask[0]=11111111011111111101111111111110, sa_flags=SA_RESTART|SA_SIGINFO
SIGPIPE: [libjvm.so+0x74db00], sa_mask[0]=11111111011111111101111111111110, sa_flags=SA_RESTART|SA_SIGINFO
SIGXFSZ: [libjvm.so+0x74db00], sa_mask[0]=11111111011111111101111111111110, sa_flags=SA_RESTART|SA_SIGINFO
SIGILL: [libjvm.so+0x74db00], sa_mask[0]=11111111011111111101111111111110, sa_flags=SA_RESTART|SA_SIGINFO
SIGUSR1: SIG_DFL, sa_mask[0]=00000000000000000000000000000000, sa_flags=none
SIGUSR2: [libjvm.so+0x74f180], sa_mask[0]=00100000000000000000000000000000, sa_flags=SA_RESTART|SA_SIGINFO
SIGHUP: [libjvm.so+0x750630], sa_mask[0]=11111111011111111101111111111110, sa_flags=SA_RESTART|SA_SIGINFO
SIGINT: [libjvm.so+0x750630], sa_mask[0]=11111111011111111101111111111110, sa_flags=SA_RESTART|SA_SIGINFO
SIGTERM: [libjvm.so+0x750630], sa_mask[0]=11111111011111111101111111111110, sa_flags=SA_RESTART|SA_SIGINFO
SIGQUIT: [libjvm.so+0x750630], sa_mask[0]=11111111011111111101111111111110, sa_flags=SA_RESTART|SA_SIGINFO


---------------  S Y S T E M  ---------------

OS:DISTRIB_ID=Ubuntu
DISTRIB_RELEASE=15.04
DISTRIB_CODENAME=vivid
DISTRIB_DESCRIPTION="Ubuntu 15.04"

uname:Linux 3.19.0-43-generic #49-Ubuntu SMP Sun Dec 27 17:51:21 UTC 2015 i686
libc:glibc 2.21 NPTL 2.21 
rlimit: STACK 8192k, CORE 0k, NPROC 15883, NOFILE 65536, AS infinity
load average:2,93 1,33 0,85

/proc/meminfo:
MemTotal:        2053908 kB
MemFree:          127108 kB
MemAvailable:      80464 kB
Buffers:             332 kB
Cached:           224172 kB
SwapCached:         4680 kB
Active:           877464 kB
Inactive:         984580 kB
Active(anon):     872564 kB
Inactive(anon):   960416 kB
Active(file):       4900 kB
Inactive(file):    24164 kB
Unevictable:          32 kB
Mlocked:              32 kB
HighTotal:       1174408 kB
HighFree:          15008 kB
LowTotal:         879500 kB
LowFree:          112100 kB
SwapTotal:        455676 kB
SwapFree:              0 kB
Dirty:               232 kB
Writeback:             0 kB
AnonPages:       1633216 kB
Mapped:            57288 kB
Shmem:            195344 kB
Slab:              33700 kB
SReclaimable:      17240 kB
SUnreclaim:        16460 kB
KernelStack:        4088 kB
PageTables:        12824 kB
NFS_Unstable:          0 kB
Bounce:                0 kB
WritebackTmp:          0 kB
CommitLimit:     1482628 kB
Committed_AS:    5620216 kB
VmallocTotal:     122880 kB
VmallocUsed:       14928 kB
VmallocChunk:     102904 kB
AnonHugePages:    669696 kB
CmaTotal:              0 kB
CmaFree:               0 kB
HugePages_Total:       0
HugePages_Free:        0
HugePages_Rsvd:        0
HugePages_Surp:        0
Hugepagesize:       2048 kB
DirectMap4k:       51192 kB
DirectMap2M:      862208 kB


CPU:total 2 (2 cores per cpu, 1 threads per core) family 6 model 15 stepping 2, cmov, cx8, fxsr, mmx, sse, sse2, sse3, ssse3, tsc

/proc/cpuinfo:
processor	: 0
vendor_id	: GenuineIntel
cpu family	: 6
model		: 15
model name	: Intel(R) Core(TM)2 CPU          4300  @ 1.80GHz
stepping	: 2
microcode	: 0x51
cpu MHz		: 1800.000
cache size	: 2048 KB
physical id	: 0
siblings	: 2
core id		: 0
cpu cores	: 2
apicid		: 0
initial apicid	: 0
fdiv_bug	: no
f00f_bug	: no
coma_bug	: no
fpu		: yes
fpu_exception	: yes
cpuid level	: 10
wp		: yes
flags		: fpu vme de pse tsc msr pae mce cx8 apic sep mtrr pge mca cmov pat pse36 clflush dts acpi mmx fxsr sse sse2 ss ht tm pbe nx lm constant_tsc arch_perfmon pebs bts aperfmperf pni dtes64 monitor ds_cpl est tm2 ssse3 cx16 xtpr pdcm lahf_lm dtherm
bugs		:
bogomips	: 3600.96
clflush size	: 64
cache_alignment	: 64
address sizes	: 36 bits physical, 48 bits virtual
power management:

processor	: 1
vendor_id	: GenuineIntel
cpu family	: 6
model		: 15
model name	: Intel(R) Core(TM)2 CPU          4300  @ 1.80GHz
stepping	: 2
microcode	: 0x51
cpu MHz		: 1800.000
cache size	: 2048 KB
physical id	: 0
siblings	: 2
core id		: 1
cpu cores	: 2
apicid		: 1
initial apicid	: 1
fdiv_bug	: no
f00f_bug	: no
coma_bug	: no
fpu		: yes
fpu_exception	: yes
cpuid level	: 10
wp		: yes
flags		: fpu vme de pse tsc msr pae mce cx8 apic sep mtrr pge mca cmov pat pse36 clflush dts acpi mmx fxsr sse sse2 ss ht tm pbe nx lm constant_tsc arch_perfmon pebs bts aperfmperf pni dtes64 monitor ds_cpl est tm2 ssse3 cx16 xtpr pdcm lahf_lm dtherm
bugs		:
bogomips	: 3600.96
clflush size	: 64
cache_alignment	: 64
address sizes	: 36 bits physical, 48 bits virtual
power management:



Memory: 4k page, physical 2053908k(127108k free), swap 455676k(0k free)

vm_info: Java HotSpot(TM) Server VM (25.60-b23) for linux-x86 JRE (1.8.0_60-b27), built on Aug  4 2015 10:44:54 by "java_re" with gcc 4.3.0 20080428 (Red Hat 4.3.0-8)

time: Fri Jan 15 13:41:09 2016
elapsed time: 1607 seconds (0d 0h 26m 47s)

